<?xml version="1.0" encoding="UTF-8"?>
<!-- Generated by org.testng.reporters.JUnitXMLReporter -->
<testsuite ignored="2" hostname="DESKTOP-M8RIVEK" failures="0" tests="2" name="Test" time="33.754" errors="0" timestamp="30 Dec 2018 13:48:13 GMT">
  <testcase classname="main.LogInTest" name="logInToPage" time="16.648"/>
  <testcase classname="main.HomePageTest" name="myOrdrs" time="17.067"/>
  <testcase classname="tests.Testbase" name="@BeforeSuite initDriver" time="0.0">
    <ignored/>
  </testcase> <!-- @BeforeSuite initDriver -->
  <testcase classname="tests.Testbase" name="@AfterSuite quitDriver" time="0.0">
    <ignored/>
  </testcase> <!-- @AfterSuite quitDriver -->
</testsuite> <!-- Test -->
