<?xml version="1.0" encoding="UTF-8"?>
<testng-results ignored="0" total="1" passed="1" failed="0" skipped="0">
  <reporter-output>
  </reporter-output>
  <suite started-at="2019-01-29T09:34:23Z" name="Suite" finished-at="2019-01-29T09:34:37Z" duration-ms="13739">
    <groups>
    </groups>
    <test started-at="2019-01-29T09:34:23Z" name="Test" finished-at="2019-01-29T09:34:37Z" duration-ms="13739">
      <class name="CollectionsFrameworkPractice.Pomtest">
        <test-method signature="f()[pri:0, instance:CollectionsFrameworkPractice.Pomtest@4c178a76]" started-at="2019-01-29T09:34:23Z" name="f" finished-at="2019-01-29T09:34:37Z" duration-ms="13684" status="PASS">
          <reporter-output>
          </reporter-output>
        </test-method> <!-- f -->
      </class> <!-- CollectionsFrameworkPractice.Pomtest -->
    </test> <!-- Test -->
  </suite> <!-- Suite -->
</testng-results>
