<?xml version="1.0" encoding="UTF-8"?>
<testng-results ignored="0" total="1" passed="1" failed="0" skipped="0">
  <reporter-output>
  </reporter-output>
  <suite started-at="2019-01-26T19:07:01Z" name="Default suite" finished-at="2019-01-26T19:07:28Z" duration-ms="26485">
    <groups>
    </groups>
    <test started-at="2019-01-26T19:07:01Z" name="Default test" finished-at="2019-01-26T19:07:28Z" duration-ms="26485">
      <class name="main.LogIn">
        <test-method signature="f()[pri:0, instance:main.LogIn@3bd82cf5]" started-at="2019-01-26T19:07:01Z" name="f" finished-at="2019-01-26T19:07:28Z" duration-ms="26436" status="PASS">
          <reporter-output>
          </reporter-output>
        </test-method> <!-- f -->
      </class> <!-- main.LogIn -->
    </test> <!-- Default test -->
  </suite> <!-- Default suite -->
</testng-results>
